Crashlog created at 2018-07-12 12:21:01 -0300

===== MESSAGE:

NoMethodError: undefined method `filter' for #<Nanoc::RuleDSL::CompilerDSL:0x0000000004916028>

===== STACK TRACE:

  0. C:/Ruby24-x64/lib/ruby/gems/2.4.0/gems/nanoc-4.9.3/lib/nanoc/base/entities/context.rb:48:in `method_missing'
  1. C:/Users/Tron/Desktop/tutorial/Rules:33:in `parse'
  2. C:/Ruby24-x64/lib/ruby/gems/2.4.0/gems/nanoc-4.9.3/lib/nanoc/rule_dsl/rules_loader.rb:26:in `instance_eval'
  3. C:/Ruby24-x64/lib/ruby/gems/2.4.0/gems/nanoc-4.9.3/lib/nanoc/rule_dsl/rules_loader.rb:26:in `parse'
  4. C:/Ruby24-x64/lib/ruby/gems/2.4.0/gems/nanoc-4.9.3/lib/nanoc/rule_dsl/rules_loader.rb:15:in `load'
  5. C:/Ruby24-x64/lib/ruby/gems/2.4.0/gems/nanoc-4.9.3/lib/nanoc/rule_dsl/action_provider.rb:20:in `for'
  6. C:/Ruby24-x64/lib/ruby/gems/2.4.0/gems/nanoc-4.9.3/lib/nanoc/base/services/compiler_loader.rb:17:in `load'
  7. C:/Ruby24-x64/lib/ruby/gems/2.4.0/gems/nanoc-4.9.3/lib/nanoc/base/services/compiler.rb:25:in `new_for'
  8. C:/Ruby24-x64/lib/ruby/gems/2.4.0/gems/nanoc-4.9.3/lib/nanoc/cli/commands/compile.rb:39:in `run_once'
  9. C:/Ruby24-x64/lib/ruby/gems/2.4.0/gems/nanoc-4.9.3/lib/nanoc/cli/commands/compile.rb:24:in `run'
  10. C:/Ruby24-x64/lib/ruby/gems/2.4.0/gems/nanoc-4.9.3/lib/nanoc/cli/command_runner.rb:14:in `block in call'
  11. C:/Ruby24-x64/lib/ruby/gems/2.4.0/gems/nanoc-4.9.3/lib/nanoc/cli/error_handler.rb:15:in `block in handle_while'
  12. C:/Ruby24-x64/lib/ruby/gems/2.4.0/gems/nanoc-4.9.3/lib/nanoc/cli/error_handler.rb:57:in `handle_while'
  13. C:/Ruby24-x64/lib/ruby/gems/2.4.0/gems/nanoc-4.9.3/lib/nanoc/cli/error_handler.rb:15:in `handle_while'
  14. C:/Ruby24-x64/lib/ruby/gems/2.4.0/gems/nanoc-4.9.3/lib/nanoc/cli/command_runner.rb:13:in `call'
  15. C:/Ruby24-x64/lib/ruby/gems/2.4.0/gems/cri-2.10.1/lib/cri/command_dsl.rb:256:in `block in runner'
  16. C:/Ruby24-x64/lib/ruby/gems/2.4.0/gems/cri-2.10.1/lib/cri/command.rb:329:in `run_this'
  17. C:/Ruby24-x64/lib/ruby/gems/2.4.0/gems/cri-2.10.1/lib/cri/command.rb:269:in `run'
  18. C:/Ruby24-x64/lib/ruby/gems/2.4.0/gems/cri-2.10.1/lib/cri/command.rb:287:in `run'
  19. C:/Ruby24-x64/lib/ruby/gems/2.4.0/gems/nanoc-4.9.3/lib/nanoc/cli.rb:63:in `block in run'
  20. C:/Ruby24-x64/lib/ruby/gems/2.4.0/gems/nanoc-4.9.3/lib/nanoc/cli/error_handler.rb:15:in `block in handle_while'
  21. C:/Ruby24-x64/lib/ruby/gems/2.4.0/gems/nanoc-4.9.3/lib/nanoc/cli/error_handler.rb:57:in `handle_while'
  22. C:/Ruby24-x64/lib/ruby/gems/2.4.0/gems/nanoc-4.9.3/lib/nanoc/cli/error_handler.rb:15:in `handle_while'
  23. C:/Ruby24-x64/lib/ruby/gems/2.4.0/gems/nanoc-4.9.3/lib/nanoc/cli.rb:61:in `run'
  24. C:/Ruby24-x64/lib/ruby/gems/2.4.0/gems/nanoc-4.9.3/bin/nanoc:18:in `<top (required)>'
  25. C:/Ruby24-x64/bin/nanoc:23:in `load'

===== VERSION INFORMATION:

Nanoc 4.9.3 © 2007-2018 Denis Defreyne.
Running ruby 2.4.4 (2018-03-28) on x64-mingw32 with RubyGems 2.6.14.1.

===== SYSTEM INFORMATION:

MSYS_NT-10.0 IAGO-W3 2.10.0(0.325/5/3) 2018-02-12 08:49 x86_64 Msys

===== INSTALLED GEMS:

  actioncable 5.0.0, 5.2.0
  actionmailer 4.2.8, 5.0.0, 5.2.0
  actionpack 4.2.8, 5.0.0, 5.2.0
  actionpack-xml_parser 1.0.2
  actionview 4.2.8, 5.0.0, 5.2.0
  activejob 4.2.8, 5.0.0, 5.2.0
  activemodel 4.2.8, 5.0.0, 5.2.0
  activerecord 4.2.8, 5.0.0, 5.2.0
  activestorage 5.2.0
  activesupport 4.2.8, 5.0.0, 5.2.0
  addressable 2.5.2
  adsf 1.4.1
  arel 6.0.4, 7.1.4, 9.0.0
  asdf 0.5.0
  bigdecimal 1.3.2
  builder 3.2.3
  bundler 1.16.1
  capybara 3.0.3, 3.1.0
  childprocess 0.9.0
  coderay 1.1.2
  colored 1.2
  concurrent-ruby 1.0.5
  crass 1.0.4
  cri 2.10.1
  css_parser 1.6.0
  ddmemoize 1.0.0
  ddmetrics 1.0.0
  ddplugin 1.0.2
  did_you_mean 1.1.0
  docile 1.1.5
  erubi 1.7.1
  erubis 2.7.0
  ffi 1.9.23
  globalid 0.4.1
  hamster 3.0.0
  htmlentities 4.3.4
  i18n 0.7.0, 0.9.5
  io-console 0.4.6
  jquery-rails 3.1.5
  json 2.0.4
  loofah 2.2.2
  mail 2.6.6, 2.7.0
  marcel 0.3.2
  metaclass 0.0.4
  method_source 0.9.0
  mime-types 3.1
  mime-types-data 3.2016.0521
  mimemagic 0.3.2
  mini_mime 1.0.0
  mini_portile2 2.3.0
  minitest 5.10.1, 5.11.3
  mocha 1.5.0
  multi_json 1.13.1
  mysql2 0.4.10
  nanoc 4.9.3
  net-ldap 0.12.1
  net-telnet 0.1.1
  nio4r 1.2.1, 2.3.1
  nokogiri 1.8.2
  openssl 2.0.7
  parallel 1.12.1
  power_assert 0.4.1
  protected_attributes 1.1.4
  psych 2.2.2
  public_suffix 3.0.2
  rack 1.2.8, 1.6.10, 2.0.5
  rack-openid 1.4.2
  rack-test 0.6.3
  rails 4.2.8, 5.0.0, 5.2.0
  rails-deprecated_sanitizer 1.0.3
  rails-dom-testing 1.0.9, 2.0.3
  rails-html-sanitizer 1.0.4
  railties 4.2.8, 5.0.0, 5.2.0
  rake 12.0.0, 12.3.1
  rbpdf 1.19.3
  rbpdf-font 1.19.1
  rdoc 4.3.0, 5.0.0
  redcarpet 3.4.0
  ref 2.0.0
  request_store 1.0.5
  rmagick 2.16.0
  roadie 3.2.2
  roadie-rails 1.1.1
  ruby-openid 2.3.0
  rubyzip 1.2.1
  selenium-webdriver 2.53.4
  simplecov 0.9.2
  simplecov-html 0.9.0
  slow_enumerator_tools 1.1.0
  sprockets 3.7.1
  sprockets-rails 3.2.1
  test-unit 3.2.3
  test_after_commit 0.4.2
  thor 0.20.0
  thread_safe 0.3.6
  tomlrb 1.2.7
  tzinfo 1.2.5
  tzinfo-data 1.2018.5
  websocket 1.2.5
  websocket-driver 0.6.5
  websocket-extensions 0.1.3
  xmlrpc 0.2.1
  xpath 3.0.0
  yard 0.9.12

===== LOAD PATHS:

  0. C:/Ruby24-x64/lib/ruby/gems/2.4.0/gems/ref-2.0.0/lib
  1. C:/Ruby24-x64/lib/ruby/gems/2.4.0/gems/did_you_mean-1.1.0/lib
  2. C:/Ruby24-x64/lib/ruby/gems/2.4.0/gems/public_suffix-3.0.2/lib
  3. C:/Ruby24-x64/lib/ruby/gems/2.4.0/gems/addressable-2.5.2/lib
  4. C:/Ruby24-x64/lib/ruby/gems/2.4.0/gems/colored-1.2/lib
  5. C:/Ruby24-x64/lib/ruby/gems/2.4.0/gems/cri-2.10.1/lib
  6. C:/Ruby24-x64/lib/ruby/gems/2.4.0/gems/ddmetrics-1.0.0/lib
  7. C:/Ruby24-x64/lib/ruby/gems/2.4.0/gems/ref-2.0.0/lib
  8. C:/Ruby24-x64/lib/ruby/gems/2.4.0/gems/ddmemoize-1.0.0/lib
  9. C:/Ruby24-x64/lib/ruby/gems/2.4.0/gems/ddplugin-1.0.2/lib
  10. C:/Ruby24-x64/lib/ruby/gems/2.4.0/gems/concurrent-ruby-1.0.5/lib
  11. C:/Ruby24-x64/lib/ruby/gems/2.4.0/gems/hamster-3.0.0/lib
  12. C:/Ruby24-x64/lib/ruby/gems/2.4.0/gems/parallel-1.12.1/lib
  13. C:/Ruby24-x64/lib/ruby/gems/2.4.0/gems/slow_enumerator_tools-1.1.0/lib
  14. C:/Ruby24-x64/lib/ruby/gems/2.4.0/gems/tomlrb-1.2.7/lib
  15. C:/Ruby24-x64/lib/ruby/gems/2.4.0/gems/nanoc-4.9.3/lib
  16. C:/Ruby24-x64/lib/ruby/site_ruby/2.4.0
  17. C:/Ruby24-x64/lib/ruby/site_ruby/2.4.0/x64-msvcrt
  18. C:/Ruby24-x64/lib/ruby/site_ruby
  19. C:/Ruby24-x64/lib/ruby/vendor_ruby/2.4.0
  20. C:/Ruby24-x64/lib/ruby/vendor_ruby/2.4.0/x64-msvcrt
  21. C:/Ruby24-x64/lib/ruby/vendor_ruby
  22. C:/Ruby24-x64/lib/ruby/2.4.0
  23. C:/Ruby24-x64/lib/ruby/2.4.0/x64-mingw32
